<?xml version="1.0" encoding="UTF-8"?>
<testsuite xmlns:xsi="http://www.w3.org/2001/XMLSchema-instance" xsi:noNamespaceSchemaLocation="https://maven.apache.org/surefire/maven-surefire-plugin/xsd/surefire-test-report-3.0.xsd" version="3.0" name="com.group10.ServiceTests.CustomerProfileServiceTest" time="0.4" tests="4" errors="0" skipped="0" failures="0">
  <properties>
[...]
</properties>
  <testcase name="getProfile_NegativeUserID" classname="com.group10.ServiceTests.CustomerProfileServiceTest" time="0.005">
    <system-out><![CDATA[2023-07-18T14:39:51.523-03:00  INFO 15288 --- [           main] t.c.s.AnnotationConfigContextLoaderUtils : Could not detect default configuration classes for test class [com.group10.ServiceTests.CustomerProfileServiceTest]: CustomerProfileServiceTest does not declare any static, non-private, non-final, nested classes annotated with @Configuration.
2023-07-18T14:39:51.538-03:00  INFO 15288 --- [           main] .b.t.c.SpringBootTestContextBootstrapper : Found @SpringBootConfiguration com.group10.VendorValleyApplication for test class com.group10.ServiceTests.CustomerProfileServiceTest

  .   ____          _            __ _ _
 /\\ / ___'_ __ _ _(_)_ __  __ _ \ \ \ \
( ( )\___ | '_ | '_| | '_ \/ _` | \ \ \ \
 \\/  ___)| |_)| | | | | || (_| |  ) ) ) )
  '  |____| .__|_| |_|_| |_\__, | / / / /
 =========|_|==============|___/=/_/_/_/
 :: Spring Boot ::                (v3.1.1)

2023-07-18T14:39:51.563-03:00  INFO 15288 --- [           main] c.g.S.CustomerProfileServiceTest         : Starting CustomerProfileServiceTest using Java 17.0.5 with PID 15288 (started by dev21 in C:\JavaCodes\group10\backend)
2023-07-18T14:39:51.563-03:00  INFO 15288 --- [           main] c.g.S.CustomerProfileServiceTest         : No active profile set, falling back to 1 default profile: "default"
2023-07-18T14:39:51.888-03:00  WARN 15288 --- [           main] ion$DefaultTemplateResolverConfiguration : Cannot find template location: classpath:/templates/ (please add some templates, check your Thymeleaf configuration, or set spring.thymeleaf.check-template-location=false)
2023-07-18T14:39:51.903-03:00  INFO 15288 --- [           main] c.g.S.CustomerProfileServiceTest         : Started CustomerProfileServiceTest in 0.36 seconds (process running for 7.581)
]]></system-out>
  </testcase>
  <testcase name="getProfile_UserDoesntExistException" classname="com.group10.ServiceTests.CustomerProfileServiceTest" time="0.002"/>
  <testcase name="getProfile_SQLException" classname="com.group10.ServiceTests.CustomerProfileServiceTest" time="0.002"/>
  <testcase name="getProfile_Successful" classname="com.group10.ServiceTests.CustomerProfileServiceTest" time="0.002"/>
</testsuite>