<?xml version="1.0" encoding="UTF-8"?>
<testsuite xmlns:xsi="http://www.w3.org/2001/XMLSchema-instance" xsi:noNamespaceSchemaLocation="https://maven.apache.org/surefire/maven-surefire-plugin/xsd/surefire-test-report-3.0.xsd" version="3.0" name="com.group10.ServiceTests.ResetPasswordServiceTest" time="0.442" tests="18" errors="0" skipped="0" failures="0">
  <properties>
[...]
</properties>
  <testcase name="testSQLException_checkIfUserExists" classname="com.group10.ServiceTests.ResetPasswordServiceTest" time="0.003">
    <system-out><![CDATA[2023-06-18T20:16:28.972-03:00  INFO 25324 --- [           main] t.c.s.AnnotationConfigContextLoaderUtils : Could not detect default configuration classes for test class [com.group10.ServiceTests.ResetPasswordServiceTest]: ResetPasswordServiceTest does not declare any static, non-private, non-final, nested classes annotated with @Configuration.
2023-06-18T20:16:28.984-03:00  INFO 25324 --- [           main] .b.t.c.SpringBootTestContextBootstrapper : Found @SpringBootConfiguration com.group10.VendorValleyApplication for test class com.group10.ServiceTests.ResetPasswordServiceTest

  .   ____          _            __ _ _
 /\\ / ___'_ __ _ _(_)_ __  __ _ \ \ \ \
( ( )\___ | '_ | '_| | '_ \/ _` | \ \ \ \
 \\/  ___)| |_)| | | | | || (_| |  ) ) ) )
  '  |____| .__|_| |_|_| |_\__, | / / / /
 =========|_|==============|___/=/_/_/_/
 :: Spring Boot ::                (v3.1.0)

2023-06-18T20:16:29.015-03:00  INFO 25324 --- [           main] c.g.S.ResetPasswordServiceTest           : Starting ResetPasswordServiceTest using Java 17.0.5 with PID 25324 (started by dev21 in C:\JavaCodes\group10\backend)
2023-06-18T20:16:29.015-03:00  INFO 25324 --- [           main] c.g.S.ResetPasswordServiceTest           : No active profile set, falling back to 1 default profile: "default"
2023-06-18T20:16:29.308-03:00  WARN 25324 --- [           main] ion$DefaultTemplateResolverConfiguration : Cannot find template location: classpath:/templates/ (please add some templates, check your Thymeleaf configuration, or set spring.thymeleaf.check-template-location=false)
2023-06-18T20:16:29.327-03:00  INFO 25324 --- [           main] c.g.S.ResetPasswordServiceTest           : Started ResetPasswordServiceTest in 0.335 seconds (process running for 5.735)
]]></system-out>
  </testcase>
  <testcase name="testVerificationCodeExpired_verifyCode" classname="com.group10.ServiceTests.ResetPasswordServiceTest" time="0.006"/>
  <testcase name="testMailParseException_sendVerificationCode" classname="com.group10.ServiceTests.ResetPasswordServiceTest" time="0.005"/>
  <testcase name="testNoInformationFoundException_verifyCode" classname="com.group10.ServiceTests.ResetPasswordServiceTest" time="0.002"/>
  <testcase name="successPath_updatePassword" classname="com.group10.ServiceTests.ResetPasswordServiceTest" time="0.001"/>
  <testcase name="testUserDoesntExist_checkIfUserExists" classname="com.group10.ServiceTests.ResetPasswordServiceTest" time="0.001"/>
  <testcase name="testMailAuthenticationException_sendVerificationCode" classname="com.group10.ServiceTests.ResetPasswordServiceTest" time="0.002"/>
  <testcase name="successPath_checkIfUserExists" classname="com.group10.ServiceTests.ResetPasswordServiceTest" time="0.001"/>
  <testcase name="testSQLException_verifyCode" classname="com.group10.ServiceTests.ResetPasswordServiceTest" time="0.003"/>
  <testcase name="testMailSendException_sendVerificationCode" classname="com.group10.ServiceTests.ResetPasswordServiceTest" time="0.002"/>
  <testcase name="testUserDoesntExistException_updatePassword" classname="com.group10.ServiceTests.ResetPasswordServiceTest" time="0.003"/>
  <testcase name="successPath_generateVerificationCode" classname="com.group10.ServiceTests.ResetPasswordServiceTest" time="0.006"/>
  <testcase name="successPath_verifyCode" classname="com.group10.ServiceTests.ResetPasswordServiceTest" time="0.002"/>
  <testcase name="testIllegalArgumentException_verifyCode" classname="com.group10.ServiceTests.ResetPasswordServiceTest" time="0.002"/>
  <testcase name="testPasswordsCantBeSameException_updatePassword" classname="com.group10.ServiceTests.ResetPasswordServiceTest" time="0.003"/>
  <testcase name="testSQLException_generateVerificationCode" classname="com.group10.ServiceTests.ResetPasswordServiceTest" time="0.002"/>
  <testcase name="testSQLException_updatePassword" classname="com.group10.ServiceTests.ResetPasswordServiceTest" time="0.001"/>
  <testcase name="successPath_sendVerificationCode" classname="com.group10.ServiceTests.ResetPasswordServiceTest" time="0.013"/>
</testsuite>